  Compiling CUDA source file fft.cu...
  
  C:\Users\Ali Gholami\Source\Repos\CTMC\template_matching\template_matching>"C:\Program Files\NVIDIA GPU Computing Toolkit\CUDA\v9.1\bin\nvcc.exe" -gencode=arch=compute_30,code=\"sm_30,compute_30\" --use-local-env --cl-version 2017 -ccbin "C:\Program Files (x86)\Microsoft Visual Studio\2017\Enterprise\VC\Tools\MSVC\14.10.25017\bin\HostX86\x64" -x cu  -I"C:\bitmap-master" -I"C:\Program Files\NVIDIA GPU Computing Toolkit\CUDA\v9.1\include" -I"C:\Program Files\NVIDIA GPU Computing Toolkit\CUDA\v9.1\include"     --keep-dir x64\Release -maxrregcount=0  --machine 64 --compile -cudart static     -DWIN32 -DWIN64 -DNDEBUG -D_CONSOLE -D_MBCS -Xcompiler "/EHsc /W3 /nologo /O2 /FS /Zi  /MD " -o x64\Release\fft.cu.obj "C:\Users\Ali Gholami\Source\Repos\CTMC\template_matching\template_matching\fft.cu" 
C:/Users/Ali Gholami/Source/Repos/CTMC/template_matching/template_matching/fft.cu(61): warning : variable "height_difference" was declared but never referenced
C:/Users/Ali Gholami/Source/Repos/CTMC/template_matching/template_matching/fft.cu(62): warning : variable "width_difference" was declared but never referenced
C:/Users/Ali Gholami/Source/Repos/CTMC/template_matching/template_matching/fft.cu(122): warning : variable "main_memsize" was declared but never referenced
C:/Users/Ali Gholami/Source/Repos/CTMC/template_matching/template_matching/fft.cu(123): warning : variable "template_memsize" was declared but never referenced
C:/Users/Ali Gholami/Source/Repos/CTMC/template_matching/template_matching/fft.cu(215): warning : function "ComplexAdd" was declared but never referenced
C:/Users/Ali Gholami/Source/Repos/CTMC/template_matching/template_matching/fft.cu(61): warning : variable "height_difference" was declared but never referenced
C:/Users/Ali Gholami/Source/Repos/CTMC/template_matching/template_matching/fft.cu(62): warning : variable "width_difference" was declared but never referenced
C:/Users/Ali Gholami/Source/Repos/CTMC/template_matching/template_matching/fft.cu(122): warning : variable "main_memsize" was declared but never referenced
C:/Users/Ali Gholami/Source/Repos/CTMC/template_matching/template_matching/fft.cu(123): warning : variable "template_memsize" was declared but never referenced
C:/Users/Ali Gholami/Source/Repos/CTMC/template_matching/template_matching/fft.cu(215): warning : function "ComplexAdd" was declared but never referenced
  fft.cu
C:/Users/Ali Gholami/Source/Repos/CTMC/template_matching/template_matching/fft.cu(97): warning C4244: '=': conversion from 'double' to 'float', possible loss of data
C:/Users/Ali Gholami/Source/Repos/CTMC/template_matching/template_matching/fft.cu(98): warning C4244: '=': conversion from 'double' to 'float', possible loss of data
C:/Users/Ali Gholami/Source/Repos/CTMC/template_matching/template_matching/fft.cu(99): warning C4244: '=': conversion from 'double' to 'float', possible loss of data
C:/Users/Ali Gholami/Source/Repos/CTMC/template_matching/template_matching/fft.cu(108): warning C4244: '=': conversion from 'double' to 'float', possible loss of data
C:/Users/Ali Gholami/Source/Repos/CTMC/template_matching/template_matching/fft.cu(109): warning C4244: '=': conversion from 'double' to 'float', possible loss of data
C:/Users/Ali Gholami/Source/Repos/CTMC/template_matching/template_matching/fft.cu(110): warning C4244: '=': conversion from 'double' to 'float', possible loss of data
fft.cu.obj : error LNK2001: unresolved external symbol cufftPlan1d
fft.cu.obj : error LNK2001: unresolved external symbol cufftExecC2C
fft.cu.obj : error LNK2001: unresolved external symbol cufftDestroy
kernel.cu.obj : error LNK2001: unresolved external symbol cufftDestroy
kernel.cu.obj : error LNK2001: unresolved external symbol cufftMakePlan1d
kernel.cu.obj : error LNK2001: unresolved external symbol cufftCreate
kernel.cu.obj : error LNK2001: unresolved external symbol cufftXtSetGPUs
kernel.cu.obj : error LNK2001: unresolved external symbol cufftXtMalloc
kernel.cu.obj : error LNK2001: unresolved external symbol cufftXtMemcpy
kernel.cu.obj : error LNK2001: unresolved external symbol cufftXtFree
kernel.cu.obj : error LNK2001: unresolved external symbol cufftXtExecDescriptorC2C
C:\Users\Ali Gholami\Source\Repos\CTMC\template_matching\x64\Release\template_matching.exe : fatal error LNK1120: 10 unresolved externals
