This is pdfTeX, Version 3.14159265-2.6-1.40.18 (TeX Live 2017/W32TeX) (preloaded format=pdflatex 2018.6.27)  14 JUL 2018 21:27
entering extended mode
 restricted \write18 enabled.
 %&-line parsing enabled.
**./report.tex
(./report.tex
LaTeX2e <2017-04-15>
Babel <3.10> and hyphenation patterns for 84 language(s) loaded.
(c:/texlive/2017/texmf-dist/tex/latex/base/report.cls
Document Class: report 2014/09/29 v1.4h Standard LaTeX document class
(c:/texlive/2017/texmf-dist/tex/latex/base/size12.clo
File: size12.clo 2014/09/29 v1.4h Standard LaTeX file (size option)
)
\c@part=\count79
\c@chapter=\count80
\c@section=\count81
\c@subsection=\count82
\c@subsubsection=\count83
\c@paragraph=\count84
\c@subparagraph=\count85
\c@figure=\count86
\c@table=\count87
\abovecaptionskip=\skip41
\belowcaptionskip=\skip42
\bibindent=\dimen102
)
(c:/texlive/2017/texmf-dist/tex/latex/graphics/graphicx.sty
Package: graphicx 2014/10/28 v1.0g Enhanced LaTeX Graphics (DPC,SPQR)

(c:/texlive/2017/texmf-dist/tex/latex/graphics/keyval.sty
Package: keyval 2014/10/28 v1.15 key=value parser (DPC)
\KV@toks@=\toks14
)
(c:/texlive/2017/texmf-dist/tex/latex/graphics/graphics.sty
Package: graphics 2017/04/14 v1.1b Standard LaTeX Graphics (DPC,SPQR)

(c:/texlive/2017/texmf-dist/tex/latex/graphics/trig.sty
Package: trig 2016/01/03 v1.10 sin cos tan (DPC)
)
(c:/texlive/2017/texmf-dist/tex/latex/graphics-cfg/graphics.cfg
File: graphics.cfg 2016/06/04 v1.11 sample graphics configuration
)
Package graphics Info: Driver file: pdftex.def on input line 99.

(c:/texlive/2017/texmf-dist/tex/latex/graphics-def/pdftex.def
File: pdftex.def 2017/01/12 v0.06k Graphics/color for pdfTeX

(c:/texlive/2017/texmf-dist/tex/generic/oberdiek/infwarerr.sty
Package: infwarerr 2016/05/16 v1.4 Providing info/warning/error messages (HO)
)
(c:/texlive/2017/texmf-dist/tex/generic/oberdiek/ltxcmds.sty
Package: ltxcmds 2016/05/16 v1.23 LaTeX kernel commands for general use (HO)
)
\Gread@gobject=\count88
))
\Gin@req@height=\dimen103
\Gin@req@width=\dimen104
)
(c:/texlive/2017/texmf-dist/tex/latex/url/url.sty
\Urlmuskip=\muskip10
Package: url 2013/09/16  ver 3.4  Verb mode for urls, etc.
)
(c:/texlive/2017/texmf-dist/tex/latex/hyperref/hyperref.sty
Package: hyperref 2017/03/14 v6.85a Hypertext links for LaTeX

(c:/texlive/2017/texmf-dist/tex/generic/oberdiek/hobsub-hyperref.sty
Package: hobsub-hyperref 2016/05/16 v1.14 Bundle oberdiek, subset hyperref (HO)


(c:/texlive/2017/texmf-dist/tex/generic/oberdiek/hobsub-generic.sty
Package: hobsub-generic 2016/05/16 v1.14 Bundle oberdiek, subset generic (HO)
Package: hobsub 2016/05/16 v1.14 Construct package bundles (HO)
Package hobsub Info: Skipping package `infwarerr' (already loaded).
Package hobsub Info: Skipping package `ltxcmds' (already loaded).
Package: ifluatex 2016/05/16 v1.4 Provides the ifluatex switch (HO)
Package ifluatex Info: LuaTeX not detected.
Package: ifvtex 2016/05/16 v1.6 Detect VTeX and its facilities (HO)
Package ifvtex Info: VTeX not detected.
Package: intcalc 2016/05/16 v1.2 Expandable calculations with integers (HO)
Package: ifpdf 2017/03/15 v3.2 Provides the ifpdf switch
Package: etexcmds 2016/05/16 v1.6 Avoid name clashes with e-TeX commands (HO)
Package etexcmds Info: Could not find \expanded.
(etexcmds)             That can mean that you are not using pdfTeX 1.50 or
(etexcmds)             that some package has redefined \expanded.
(etexcmds)             In the latter case, load this package earlier.
Package: kvsetkeys 2016/05/16 v1.17 Key value parser (HO)
Package: kvdefinekeys 2016/05/16 v1.4 Define keys (HO)
Package: pdftexcmds 2017/03/19 v0.25 Utility functions of pdfTeX for LuaTeX (HO
)
Package pdftexcmds Info: LuaTeX not detected.
Package pdftexcmds Info: \pdf@primitive is available.
Package pdftexcmds Info: \pdf@ifprimitive is available.
Package pdftexcmds Info: \pdfdraftmode found.
Package: pdfescape 2016/05/16 v1.14 Implements pdfTeX's escape features (HO)
Package: bigintcalc 2016/05/16 v1.4 Expandable calculations on big integers (HO
)
Package: bitset 2016/05/16 v1.2 Handle bit-vector datatype (HO)
Package: uniquecounter 2016/05/16 v1.3 Provide unlimited unique counter (HO)
)
Package hobsub Info: Skipping package `hobsub' (already loaded).
Package: letltxmacro 2016/05/16 v1.5 Let assignment for LaTeX macros (HO)
Package: hopatch 2016/05/16 v1.3 Wrapper for package hooks (HO)
Package: xcolor-patch 2016/05/16 xcolor patch
Package: atveryend 2016/05/16 v1.9 Hooks at the very end of document (HO)
Package atveryend Info: \enddocument detected (standard20110627).
Package: atbegshi 2016/06/09 v1.18 At begin shipout hook (HO)
Package: refcount 2016/05/16 v3.5 Data extraction from label references (HO)
Package: hycolor 2016/05/16 v1.8 Color options for hyperref/bookmark (HO)
)
(c:/texlive/2017/texmf-dist/tex/generic/ifxetex/ifxetex.sty
Package: ifxetex 2010/09/12 v0.6 Provides ifxetex conditional
)
(c:/texlive/2017/texmf-dist/tex/latex/oberdiek/auxhook.sty
Package: auxhook 2016/05/16 v1.4 Hooks for auxiliary files (HO)
)
(c:/texlive/2017/texmf-dist/tex/latex/oberdiek/kvoptions.sty
Package: kvoptions 2016/05/16 v3.12 Key value format for package options (HO)
)
\@linkdim=\dimen105
\Hy@linkcounter=\count89
\Hy@pagecounter=\count90

(c:/texlive/2017/texmf-dist/tex/latex/hyperref/pd1enc.def
File: pd1enc.def 2017/03/14 v6.85a Hyperref: PDFDocEncoding definition (HO)
)
\Hy@SavedSpaceFactor=\count91

(c:/texlive/2017/texmf-dist/tex/latex/latexconfig/hyperref.cfg
File: hyperref.cfg 2002/06/06 v1.2 hyperref configuration of TeXLive
)
Package hyperref Info: Option `bookmarks' set `true' on input line 4374.
Package hyperref Info: Option `colorlinks' set `false' on input line 4374.
Package hyperref Info: Hyper figures OFF on input line 4498.
Package hyperref Info: Link nesting OFF on input line 4503.
Package hyperref Info: Hyper index ON on input line 4506.
Package hyperref Info: Plain pages OFF on input line 4513.
Package hyperref Info: Backreferencing OFF on input line 4518.
Package hyperref Info: Implicit mode ON; LaTeX internals redefined.
Package hyperref Info: Bookmarks ON on input line 4751.
\c@Hy@tempcnt=\count92
LaTeX Info: Redefining \url on input line 5104.
\XeTeXLinkMargin=\dimen106
\Fld@menulength=\count93
\Field@Width=\dimen107
\Fld@charsize=\dimen108
Package hyperref Info: Hyper figures OFF on input line 6358.
Package hyperref Info: Link nesting OFF on input line 6363.
Package hyperref Info: Hyper index ON on input line 6366.
Package hyperref Info: backreferencing OFF on input line 6373.
Package hyperref Info: Link coloring OFF on input line 6378.
Package hyperref Info: Link coloring with OCG OFF on input line 6383.
Package hyperref Info: PDF/A mode OFF on input line 6388.
LaTeX Info: Redefining \ref on input line 6428.
LaTeX Info: Redefining \pageref on input line 6432.
\Hy@abspage=\count94
\c@Item=\count95
\c@Hfootnote=\count96
)

Package hyperref Message: Driver (autodetected): hpdftex.

(c:/texlive/2017/texmf-dist/tex/latex/hyperref/hpdftex.def
File: hpdftex.def 2017/03/14 v6.85a Hyperref driver for pdfTeX
\Fld@listcount=\count97
\c@bookmark@seq@number=\count98

(c:/texlive/2017/texmf-dist/tex/latex/oberdiek/rerunfilecheck.sty
Package: rerunfilecheck 2016/05/16 v1.8 Rerun checks for auxiliary files (HO)
Package uniquecounter Info: New unique counter `rerunfilecheck' on input line 2
82.
)
\Hy@SectionHShift=\skip43
)
(./report.aux

LaTeX Warning: Label `pl1' multiply defined.


LaTeX Warning: Label `pl1' multiply defined.


LaTeX Warning: Label `pl1' multiply defined.


LaTeX Warning: Label `pl1' multiply defined.


LaTeX Warning: Label `pl1' multiply defined.

)
\openout1 = `report.aux'.

LaTeX Font Info:    Checking defaults for OML/cmm/m/it on input line 29.
LaTeX Font Info:    ... okay on input line 29.
LaTeX Font Info:    Checking defaults for T1/cmr/m/n on input line 29.
LaTeX Font Info:    ... okay on input line 29.
LaTeX Font Info:    Checking defaults for OT1/cmr/m/n on input line 29.
LaTeX Font Info:    ... okay on input line 29.
LaTeX Font Info:    Checking defaults for OMS/cmsy/m/n on input line 29.
LaTeX Font Info:    ... okay on input line 29.
LaTeX Font Info:    Checking defaults for OMX/cmex/m/n on input line 29.
LaTeX Font Info:    ... okay on input line 29.
LaTeX Font Info:    Checking defaults for U/cmr/m/n on input line 29.
LaTeX Font Info:    ... okay on input line 29.
LaTeX Font Info:    Checking defaults for PD1/pdf/m/n on input line 29.
LaTeX Font Info:    ... okay on input line 29.
 (c:/texlive/2017/texmf-dist/tex/context/base/mkii/supp-pdf.mkii
[Loading MPS to PDF converter (version 2006.09.02).]
\scratchcounter=\count99
\scratchdimen=\dimen109
\scratchbox=\box26
\nofMPsegments=\count100
\nofMParguments=\count101
\everyMPshowfont=\toks15
\MPscratchCnt=\count102
\MPscratchDim=\dimen110
\MPnumerator=\count103
\makeMPintoPDFobject=\count104
\everyMPtoPDFconversion=\toks16
) (c:/texlive/2017/texmf-dist/tex/latex/oberdiek/epstopdf-base.sty
Package: epstopdf-base 2016/05/15 v2.6 Base part for package epstopdf

(c:/texlive/2017/texmf-dist/tex/latex/oberdiek/grfext.sty
Package: grfext 2016/05/16 v1.2 Manage graphics extensions (HO)
)
Package epstopdf-base Info: Redefining graphics rule for `.eps' on input line 4
38.
Package grfext Info: Graphics extension search list:
(grfext)             [.png,.pdf,.jpg,.mps,.jpeg,.jbig2,.jb2,.PNG,.PDF,.JPG,.JPE
G,.JBIG2,.JB2,.eps]
(grfext)             \AppendGraphicsExtensions on input line 456.

(c:/texlive/2017/texmf-dist/tex/latex/latexconfig/epstopdf-sys.cfg
File: epstopdf-sys.cfg 2010/07/13 v1.3 Configuration of (r)epstopdf for TeX Liv
e
))
\AtBeginShipoutBox=\box27
Package hyperref Info: Link coloring OFF on input line 29.

(c:/texlive/2017/texmf-dist/tex/latex/hyperref/nameref.sty
Package: nameref 2016/05/21 v2.44 Cross-referencing by name of section

(c:/texlive/2017/texmf-dist/tex/generic/oberdiek/gettitlestring.sty
Package: gettitlestring 2016/05/16 v1.5 Cleanup title references (HO)
)
\c@section@level=\count105
)
LaTeX Info: Redefining \ref on input line 29.
LaTeX Info: Redefining \pageref on input line 29.
LaTeX Info: Redefining \nameref on input line 29.

(./report.out) (./report.out)
\@outlinefile=\write3
\openout3 = `report.out'.

 (./title.tex
<nitc-logo.png, id=156, 268.00125pt x 255.20343pt>
File: nitc-logo.png Graphic file (type png)
 <use nitc-logo.png>
Package pdftex.def Info: nitc-logo.png used on input line 31.
(pdftex.def)             Requested size: 97.5pt x 92.84279pt.
 [1

{c:/texlive/2017/texmf-var/fonts/map/pdftex/updmap/pdftex.map} <./nitc-logo.png
>])
(./abstract.texpdfTeX warning (ext4): destination with the same identifier (nam
e{page.1}) has been already used, duplicate ignored
<to be read again> 
                   \relax 
l.6 \end{abstract}
                   [1]) (./report.toc
LaTeX Font Info:    External font `cmex10' loaded for size
(Font)              <12> on input line 2.
LaTeX Font Info:    External font `cmex10' loaded for size
(Font)              <8> on input line 2.
LaTeX Font Info:    External font `cmex10' loaded for size
(Font)              <6> on input line 2.
 [1

])
\tf@toc=\write4
\openout4 = `report.toc'.

 [2] (./report.lof
Overfull \hbox (0.26695pt too wide) in paragraph at lines 8--8
 [][] [][]\OT1/cmr/m/n/12 Calculation of first ker-nel op-er-a-tional in-ten-si
ty and GPU mem- 
 []

)
\tf@lof=\write5
\openout5 = `report.lof'.

 [3

] (./introduction.tex
Chapter 1.
pdfTeX warning (ext4): destination with the same identifier (name{page.1}) has 
been already used, duplicate ignored
<to be read again> 
                   \relax 
l.39 
      [1

]) (./prob-definition.tex [2]
Chapter 2.
[3

] [4] <figure_2_1.PNG, id=279, 539.01375pt x 773.89125pt>
File: figure_2_1.PNG Graphic file (type png)

<use figure_2_1.PNG>
Package pdftex.def Info: figure_2_1.PNG used on input line 56.
(pdftex.def)             Requested size: 312.00119pt x 447.95978pt.


LaTeX Warning: `!h' float specifier changed to `!ht'.

[5] [6 <./figure_2_1.PNG>]) (./work-done.tex [7]
Chapter 3.
[8

] <grid_block.PNG, id=311, 896.59969pt x 178.41656pt>
File: grid_block.PNG Graphic file (type png)
 <use grid_block.PNG>
Package pdftex.def Info: grid_block.PNG used on input line 29.
(pdftex.def)             Requested size: 234.00238pt x 46.56416pt.

[9] <occupancy_analysis.PNG, id=319, 1238.37656pt x 620.3175pt>
File: occupancy_analysis.PNG Graphic file (type png)

<use occupancy_analysis.PNG>
Package pdftex.def Info: occupancy_analysis.PNG used on input line 39.
(pdftex.def)             Requested size: 386.10214pt x 193.40387pt.
 [10 <./grid_block.PNG> <./occupancy_analysis.PNG>] <sm_activity.PNG, id=327, 1
293.33188pt x 637.63219pt>
File: sm_activity.PNG Graphic file (type png)
 <use sm_activity.PNG>
Package pdftex.def Info: sm_activity.PNG used on input line 48.
(pdftex.def)             Requested size: 386.10214pt x 190.34737pt.

[11 <./sm_activity.PNG>] [12] <speedup.PNG, id=342, 1285.05093pt x 222.8325pt>
File: speedup.PNG Graphic file (type png)

<use speedup.PNG>
Package pdftex.def Info: speedup.PNG used on input line 80.
(pdftex.def)             Requested size: 386.10214pt x 66.95227pt.
 <intensity.PNG, id=344, 1298.60156pt x 564.60938pt>
File: intensity.PNG Graphic file (type png)

<use intensity.PNG>
Package pdftex.def Info: intensity.PNG used on input line 92.
(pdftex.def)             Requested size: 390.0pt x 169.56503pt.
 [13 <./speedup.PNG>] [14 <./intensity.PNG>] [15])
(./future-work.tex [16]
Chapter 4.
LaTeX Font Info:    Try loading font information for OMS+cmr on input line 4.
(c:/texlive/2017/texmf-dist/tex/latex/base/omscmr.fd
File: omscmr.fd 2014/09/29 v2.5h Standard LaTeX font definitions
)
LaTeX Font Info:    Font shape `OMS/cmr/m/n' in size <12> not available
(Font)              Font shape `OMS/cmsy/m/n' tried instead on input line 4.
) (./conclusion.tex
[17

]
Chapter 5.
) (./ref.tex [18

]
Underfull \hbox (badness 2253) in paragraph at lines 16--17
[]\OT1/cmr/m/n/12 Andrey Alek-seenko (https://stackoverflow.com/users/929437/al
and),
 []


Underfull \hbox (badness 10000) in paragraph at lines 16--17
\OT1/cmr/m/it/12 Am-dahl's law and GPU\OT1/cmr/m/n/12 , URL (ver-sion: 2018-07-
13):
 []

)
Package atveryend Info: Empty hook `BeforeClearDocument' on input line 50.
 [19


]
Package atveryend Info: Empty hook `AfterLastShipout' on input line 50.
 (./report.aux)
Package atveryend Info: Executing hook `AtVeryEndDocument' on input line 50.
Package atveryend Info: Executing hook `AtEndAfterFileList' on input line 50.


Package rerunfilecheck Warning: File `report.out' has changed.
(rerunfilecheck)                Rerun to get outlines right
(rerunfilecheck)                or use package `bookmark'.

Package rerunfilecheck Info: Checksums for `report.out':
(rerunfilecheck)             Before: BD48A15F8811B4B402F507FA4891F2E8;2801
(rerunfilecheck)             After:  817017B61519891FEBA214285AC57742;2803.

LaTeX Warning: There were multiply-defined labels.

Package atveryend Info: Empty hook `AtVeryVeryEnd' on input line 50.
 ) 
Here is how much of TeX's memory you used:
 5333 strings out of 492995
 78885 string characters out of 6136402
 165893 words of memory out of 5000000
 8723 multiletter control sequences out of 15000+600000
 10697 words of font info for 37 fonts, out of 8000000 for 9000
 1141 hyphenation exceptions out of 8191
 28i,6n,28p,1352b,348s stack positions out of 5000i,500n,10000p,200000b,80000s
<c:/texlive/2017/texmf-dist/fonts/type1/public/amsfonts/cm/cmbx12.pfb><c:/tex
live/2017/texmf-dist/fonts/type1/public/amsfonts/cm/cmcsc10.pfb><c:/texlive/201
7/texmf-dist/fonts/type1/public/amsfonts/cm/cmex10.pfb><c:/texlive/2017/texmf-d
ist/fonts/type1/public/amsfonts/cm/cmmi12.pfb><c:/texlive/2017/texmf-dist/fonts
/type1/public/amsfonts/cm/cmmi8.pfb><c:/texlive/2017/texmf-dist/fonts/type1/pub
lic/amsfonts/cm/cmr12.pfb><c:/texlive/2017/texmf-dist/fonts/type1/public/amsfon
ts/cm/cmr6.pfb><c:/texlive/2017/texmf-dist/fonts/type1/public/amsfonts/cm/cmr8.
pfb><c:/texlive/2017/texmf-dist/fonts/type1/public/amsfonts/cm/cmsy10.pfb><c:/t
exlive/2017/texmf-dist/fonts/type1/public/amsfonts/cm/cmsy8.pfb><c:/texlive/201
7/texmf-dist/fonts/type1/public/amsfonts/cm/cmti10.pfb><c:/texlive/2017/texmf-d
ist/fonts/type1/public/amsfonts/cm/cmti12.pfb>
Output written on report.pdf (24 pages, 845480 bytes).
PDF statistics:
 458 PDF objects out of 1000 (max. 8388607)
 401 compressed objects within 5 object streams
 109 named destinations out of 1000 (max. 500000)
 340 words of extra memory for PDF output out of 10000 (max. 10000000)

