\BOOKMARK [0][-]{chapter.1}{Introduction}{}% 1
\BOOKMARK [1][-]{section.1.1}{Background and Recent Research}{chapter.1}% 2
\BOOKMARK [2][-]{subsection.1.1.1}{Feature Based Approach}{section.1.1}% 3
\BOOKMARK [2][-]{subsection.1.1.2}{Area Based Approach}{section.1.1}% 4
\BOOKMARK [2][-]{subsection.1.1.3}{Naive Template Matching}{section.1.1}% 5
\BOOKMARK [2][-]{subsection.1.1.4}{Image Correlation Matching}{section.1.1}% 6
\BOOKMARK [2][-]{subsection.1.1.5}{Sequential Similarity Detection Algorithms}{section.1.1}% 7
\BOOKMARK [1][-]{section.1.2}{Motivation}{chapter.1}% 8
\BOOKMARK [0][-]{chapter.2}{Problem Definition}{}% 9
\BOOKMARK [0][-]{chapter.3}{Work Done}{}% 10
\BOOKMARK [1][-]{section.3.1}{<Section title>}{chapter.3}% 11
\BOOKMARK [2][-]{subsection.3.1.1}{<Sub-section title>}{section.3.1}% 12
\BOOKMARK [2][-]{subsection.3.1.2}{<Sub-section title>}{section.3.1}% 13
\BOOKMARK [2][-]{subsection.3.1.3}{<Sub-section title>}{section.3.1}% 14
\BOOKMARK [2][-]{subsection.3.1.4}{<Sub-section title>}{section.3.1}% 15
\BOOKMARK [2][-]{subsection.3.1.5}{<Sub-section title>}{section.3.1}% 16
\BOOKMARK [1][-]{section.3.2}{<Section title>}{chapter.3}% 17
\BOOKMARK [0][-]{chapter.4}{Future Work}{}% 18
\BOOKMARK [0][-]{chapter.5}{Conclusion}{}% 19
\BOOKMARK [0][-]{section*.3}{Acknowledgements}{}% 20
\BOOKMARK [0][-]{section*.5}{References}{}% 21
